<?xml version="1.0" encoding="UTF-8"?>
<!-- Generated by org.testng.reporters.JUnitReportReporter -->
<testsuite hostname="DESKTOP-MJ8NS57" failures="0" tests="1" name="MavenProject.MavenProject1.SeleniumTest" time="0.012" errors="0" timestamp="2022-02-03T15:11:58 PST" skipped="0">
  <testcase classname="MavenProject.MavenProject1.SeleniumTest" name="browserAutomation" time="0.012"/>
  <system-out/>
</testsuite> <!-- MavenProject.MavenProject1.SeleniumTest -->
