<?xml version="1.0" encoding="UTF-8"?>
<!-- Generated by org.testng.reporters.JUnitReportReporter -->
<testsuite hostname="DESKTOP-MJ8NS57" failures="0" tests="2" name="cucumberOptions.TestRunner" time="32.248" errors="0" timestamp="2022-02-25T17:14:57 GMT-08:00" skipped="0">
  <testcase classname="cucumberOptions.TestRunner" name="runScenario" time="16.238"/>
  <system-out/>
  <testcase classname="cucumberOptions.TestRunner" name="runScenario" time="16.010"/>
  <system-out/>
</testsuite> <!-- cucumberOptions.TestRunner -->
