<?xml version="1.0" encoding="UTF-8"?>
<!-- Generated by org.testng.reporters.JUnitReportReporter -->
<testsuite hostname="DESKTOP-MJ8NS57" failures="0" tests="2" name="cucumberOptions.TestRunner" time="28.341" errors="0" timestamp="2022-02-10T17:41:06 PST" skipped="0">
  <testcase classname="cucumberOptions.TestRunner" name="runScenario" time="13.944"/>
  <system-out/>
  <testcase classname="cucumberOptions.TestRunner" name="runScenario" time="14.397"/>
  <system-out/>
</testsuite> <!-- cucumberOptions.TestRunner -->
