<?xml version="1.0" encoding="UTF-8"?>
<!-- Generated by org.testng.reporters.JUnitReportReporter -->
<testsuite hostname="DESKTOP-MJ8NS57" failures="0" tests="1" name="testCases.VeifyTitle_TC2" time="9.634" errors="0" timestamp="2022-02-10T17:41:06 PST" skipped="0">
  <testcase classname="testCases.VeifyTitle_TC2" name="validateTitle" time="9.634"/>
  <system-out/>
</testsuite> <!-- testCases.VeifyTitle_TC2 -->
