<?xml version="1.0" encoding="UTF-8"?>
<!-- Generated by org.testng.reporters.JUnitReportReporter -->
<testsuite hostname="DESKTOP-MJ8NS57" failures="0" tests="2" name="testCases.Login_TC1" time="22.351" errors="0" timestamp="2022-02-25T17:14:57 GMT-08:00" skipped="0">
  <testcase classname="testCases.Login_TC1" name="basePageNavigation" time="6.351"/>
  <system-out/>
  <testcase classname="testCases.Login_TC1" name="basePageNavigation" time="16.000"/>
  <system-out/>
</testsuite> <!-- testCases.Login_TC1 -->
