<?xml version="1.0" encoding="UTF-8"?>
<!-- Generated by org.testng.reporters.JUnitReportReporter -->
<testsuite hostname="DESKTOP-MJ8NS57" failures="0" tests="1" name="testCases.VerifyContactNavBar_TC3" time="14.324" errors="0" timestamp="2022-02-25T17:14:57 GMT-08:00" skipped="0">
  <testcase classname="testCases.VerifyContactNavBar_TC3" name="validateTitle" time="14.324"/>
  <system-out/>
</testsuite> <!-- testCases.VerifyContactNavBar_TC3 -->
