<?xml version="1.0" encoding="UTF-8"?>
<!-- Generated by org.testng.reporters.JUnitReportReporter -->
<testsuite hostname="DESKTOP-MJ8NS57" failures="0" tests="2" name="testCases.Login_TC1" time="18.862" errors="0" timestamp="2022-02-10T17:41:06 PST" skipped="0">
  <testcase classname="testCases.Login_TC1" name="basePageNavigation" time="12.077"/>
  <system-out/>
  <testcase classname="testCases.Login_TC1" name="basePageNavigation" time="6.785"/>
  <system-out/>
</testsuite> <!-- testCases.Login_TC1 -->
