<?xml version="1.0" encoding="UTF-8"?>
<!-- Generated by org.testng.reporters.JUnitReportReporter -->
<testsuite hostname="DESKTOP-MJ8NS57" failures="0" tests="1" name="test.Day1" time="0.011" errors="0" timestamp="2022-02-07T08:48:28 PST" skipped="0">
  <testcase classname="test.Day1" name="demo" time="0.011"/>
  <system-out/>
</testsuite> <!-- test.Day1 -->
