<?xml version="1.0" encoding="UTF-8"?>
<!-- Generated by org.testng.reporters.JUnitReportReporter -->
<testsuite hostname="DESKTOP-MJ8NS57" failures="0" tests="2" name="test.Day2" time="0.004" errors="0" timestamp="2022-02-03T20:28:22 PST" skipped="0">
  <testcase classname="test.Day2" name="method1" time="0.003"/>
  <system-out/>
  <testcase classname="test.Day2" name="method2" time="0.001"/>
  <system-out/>
</testsuite> <!-- test.Day2 -->
