<?xml version="1.0" encoding="UTF-8"?>
<!-- Generated by org.testng.reporters.JUnitReportReporter -->
<testsuite hostname="DESKTOP-MJ8NS57" failures="0" tests="4" name="test.Day4" time="0.010" errors="0" timestamp="2022-02-16T12:02:51 PST" skipped="0">
  <testcase classname="test.Day4" name="WebHomeLoanLogin" time="0.003"/>
  <system-out/>
  <testcase classname="test.Day4" name="APIHomeLoan" time="0.002"/>
  <system-out/>
  <testcase classname="test.Day4" name="MobileHomeLoan" time="0.003"/>
  <system-out/>
  <testcase classname="test.Day4" name="WebHomeLoanLogout" time="0.002"/>
  <system-out/>
</testsuite> <!-- test.Day4 -->
