<?xml version="1.0" encoding="UTF-8"?>
<!-- Generated by org.testng.reporters.JUnitReportReporter -->
<testsuite hostname="DESKTOP-MJ8NS57" failures="0" tests="7" name="test.Day3" time="0.017" errors="0" timestamp="2022-02-16T12:02:51 PST" skipped="1">
  <testcase classname="test.Day3" name="dataProvider" time="0.003"/>
  <system-out/>
  <testcase classname="test.Day3" name="dataProvider" time="0.004"/>
  <system-out/>
  <testcase classname="test.Day3" name="WebHomeCarLoanLogout" time="0.006"/>
  <system-out/>
  <testcase classname="test.Day3" name="dataProvider" time="0.002"/>
  <system-out/>
  <testcase classname="test.Day3" name="WebHomeCarLoanLogin" time="0.001"/>
  <system-out/>
  <testcase classname="test.Day3" name="APICarLoanHome" time="0.001"/>
  <system-out/>
  <testcase classname="test.Day3" name="WebHomeCarLoanHome">
    <skipped/>
  </testcase> <!-- WebHomeCarLoanHome -->
  <system-out/>
</testsuite> <!-- test.Day3 -->
