<?xml version="1.0" encoding="UTF-8"?>
<!-- Generated by org.testng.reporters.JUnitReportReporter -->
<testsuite hostname="DESKTOP-MJ8NS57" failures="0" tests="3" name="Streams" time="0.029" errors="0" timestamp="2022-02-01T12:07:45 PST" skipped="0">
  <testcase classname="Streams" name="method1" time="0.021"/>
  <system-out/>
  <testcase classname="Streams" name="streamFilter" time="0.007"/>
  <system-out/>
  <testcase classname="Streams" name="regular" time="0.001"/>
  <system-out/>
</testsuite> <!-- Streams -->
