<?xml version="1.0" encoding="UTF-8"?>
<!-- Generated by org.testng.reporters.JUnitReportReporter -->
<testsuite hostname="DESKTOP-MJ8NS57" failures="0" tests="2" name="MavenProject.MavenProject1.AppiumTest" time="0.004" errors="0" timestamp="2022-02-03T21:38:16 PST" skipped="0">
  <testcase classname="MavenProject.MavenProject1.AppiumTest" name="IOSApps" time="0.004"/>
  <system-out/>
  <testcase classname="MavenProject.MavenProject1.AppiumTest" name="navtiveAndriod" time="0.000"/>
  <system-out/>
</testsuite> <!-- MavenProject.MavenProject1.AppiumTest -->
