<?xml version="1.0" encoding="UTF-8"?>
<!-- Generated by org.testng.reporters.JUnitReportReporter -->
<testsuite hostname="DESKTOP-MJ8NS57" failures="0" tests="1" name="ExtentReport.ExtentReport.ExtentReportDemo" time="8.922" errors="0" timestamp="2022-02-08T19:59:14 PST" skipped="0">
  <testcase classname="ExtentReport.ExtentReport.ExtentReportDemo" name="demo" time="8.922"/>
  <system-out/>
</testsuite> <!-- ExtentReport.ExtentReport.ExtentReportDemo -->
