<?xml version="1.0" encoding="UTF-8"?>
<!-- Generated by org.testng.reporters.JUnitReportReporter -->
<testsuite hostname="DESKTOP-MJ8NS57" failures="0" tests="1" name="testCases.VeifyTitle_TC2" time="24.477" errors="0" timestamp="2022-03-22T17:27:00 PDT" skipped="0">
  <testcase classname="testCases.VeifyTitle_TC2" name="validateTitle" time="24.477"/>
  <system-out/>
</testsuite> <!-- testCases.VeifyTitle_TC2 -->
