<?xml version="1.0" encoding="UTF-8"?>
<!-- Generated by org.testng.reporters.JUnitReportReporter -->
<testsuite hostname="DESKTOP-MJ8NS57" failures="0" tests="1" name="academy.HomePage" time="8.954" errors="0" timestamp="2022-02-08T10:59:35 PST" skipped="0">
  <testcase classname="academy.HomePage" name="basePageNavigation" time="8.954"/>
  <system-out/>
</testsuite> <!-- academy.HomePage -->
