<?xml version="1.0" encoding="UTF-8"?>
<!-- Generated by org.testng.reporters.JUnitReportReporter -->
<testsuite hostname="DESKTOP-MJ8NS57" failures="0" tests="2" name="cucumberOptions.TestRunner" time="28.078" errors="0" timestamp="2022-02-10T17:31:32 PST" skipped="0">
  <testcase classname="cucumberOptions.TestRunner" name="runScenario" time="12.974"/>
  <system-out/>
  <testcase classname="cucumberOptions.TestRunner" name="runScenario" time="15.104"/>
  <system-out/>
</testsuite> <!-- cucumberOptions.TestRunner -->
