<?xml version="1.0" encoding="UTF-8"?>
<!-- Generated by org.testng.reporters.JUnitReportReporter -->
<testsuite hostname="DESKTOP-MJ8NS57" failures="0" tests="2" name="testCases.Login_TC1" time="13.802" errors="0" timestamp="2022-02-10T17:29:18 PST" skipped="0">
  <testcase classname="testCases.Login_TC1" name="basePageNavigation" time="4.231"/>
  <system-out/>
  <testcase classname="testCases.Login_TC1" name="basePageNavigation" time="9.571"/>
  <system-out/>
</testsuite> <!-- testCases.Login_TC1 -->
