<?xml version="1.0" encoding="UTF-8"?>
<!-- Generated by org.testng.reporters.JUnitReportReporter -->
<testsuite hostname="DESKTOP-MJ8NS57" failures="0" tests="1" name="TestCases.LoginApplication" time="12.535" errors="0" timestamp="2022-03-11T18:38:25 GMT-08:00" skipped="0">
  <testcase classname="TestCases.LoginApplication" name="loginPge" time="12.535"/>
  <system-out/>
</testsuite> <!-- TestCases.LoginApplication -->
