<?xml version="1.0" encoding="UTF-8"?>
<!-- Generated by org.testng.reporters.JUnitReportReporter -->
<testsuite hostname="DESKTOP-MJ8NS57" failures="0" tests="1" name="TestCases.LoginApplication" time="11.958" errors="0" timestamp="2022-02-07T20:01:05 PST" skipped="0">
  <testcase classname="TestCases.LoginApplication" name="loginPge" time="11.958"/>
  <system-out/>
</testsuite> <!-- TestCases.LoginApplication -->
